
ROM used: 19268 (59%)
          19268 (59%) including unused fragments

          5 Average locations per line
          12 Average locations per statement

RAM used: 214 (14%) at main() level
          260 (17%) worst case

Stack used: 8 worst case (out of 29 total available)

Lines Stmts  %   Files
----- ----- ---  -----
  466   234  15  file 1 .c
  327     0   0  ..\..\..\..\Program Files (x86)\PICC\devices\18F452.h
  124   124   8  keypad.c
  195    94   6  ds1307.c
 2540  1121  71  methods.c
----- -----
 3652  1573 Total

Page ROM  %  RAM   Vol Diff  Functions:
---- --- --- ---   --- ----  ----------
0     40   0   1             @delay_ms1
0     24   0   0             @GETCH_BIU_1
0     44   0   1   304  5.1  _keys
0     42   0   2   365  2.9  _key_id
0    412   1   1  3324  6.4  scan_keypad
0    102   0   3             @I2C_READ_1
0    108   0   1             @I2C_WRITE_1
0    312   1   2   437  2.4  ds1307_init
0     90   0   2   113  2.0  write_DS1307
0    224   1   8   652  5.4  ds1307_set_date_time
 Inline        6   383  3.1  ds1307_get_date
 Inline        5   394  3.0  ds1307_get_time
0     36   0   3   240  6.0  bin2bcd
0     38   0   3   155  4.7  bcd2bin
0    170   0  10   361  4.4  _r_e
0    200   1   9   409  2.9  _w_e
0    978   3   2  1594  3.4  _w_eerom
0    800   2   3  2400  5.4  _r_eerom
0     40   0   2   297  5.3  cd4094
0    186   0   5   625  5.3  _all_disp
0    186   0   5   568  5.3  _disp_data
0    456   1   0   385  3.3  _get_time
0     68   0   0   310  2.7  _init_p
0     66   0   1   270  2.7  _align
0     34   0   1   112  1.6  _gap
0     36   0   0   100  1.6  _cut
0    136   0   1   635  2.8  _fount
0   1376   4   4  2866  5.4  _get_slip
0     40   0   0             @const257
0     68   0   0             @const259
0     50   0   0             @const261
0     36   0   0             @const263
0     34   0   0             @const265
0     40   0   0             @const267
0     38   0   0             @const269
0    178   0  13             @DIV3232
0    200   1  12             @PRINTF_L32U_19200_31766_31767
0     32   0   0             @const277
0     40   0   3             @DIV88
0    112   0   2             @PRINTF_U_19200_31766_31767
0     40   0   0             @const291
0     42   0   0             @const293
0     42   0   0             @const297
0     42   0   0             @const301
0     66   0   5             @DIV1616
0    164   0   9             @PRINTF_LU_19200_31766_31767
0     52   0   0             @const310
0     46   0   0             @const312
0     46   0   0             @const314
0     56   0   0             @const316
0    166   0   0  1237  2.4  _init_system
0    934   2   8  1213  4.9  _all_disp1
0    934   2  12  1231  5.4  _all_disp2
0    138   0   4   201  4.1  _disp1b
0     84   0  14             @MUL3232
0     70   0   4   110  3.0  _disp1a
0    214   1   4   501  4.9  _disp3
0     36   0   4    50  1.8  _disp2
0     36   0   8    61  2.2  _disp1
0    168   0   8   120  3.0  _totel_disp
0    138   0   4   201  4.1  _disp2a
0    132   0   0   723  3.4  _price_enter
0    120   0   0   679  3.4  _petrol_enter
0     58   0   0   138  1.8  _rst
0    182   0   6   485  7.2  _set_skip
0     30   0   5             @MUL1616
0    476   1   8  1006  6.5  _initilize
0    156   0   1   452  4.7  _last5_fill
0    162   0   1   670  3.4  _stop_fill
0    118   0   1   535  5.2  _power_down
0   1312   3   5  3169 10.1  _control
0     18   0   0    85  3.3  _num_press
0    530   1   5  1801  9.9  _price_set
0    290   1   1  1375  9.4  _petrol_set
0    220   1   3  1294  8.9  _main_code_enter
0   1374   4   5  4493 10.5  _edit_value
0    838   2   4  2044  6.7  _code_id_value
0    262   1   1  1578  8.4  _code_id_enter
0    200   1   5   403  5.8  _encoder_isr
0     20   0   0    84  2.4  clock_isr
0     52   0   4    88  3.2  rda_handler
0   1954   5   4  7384 11.9  MAIN

Program metrics:
    Functions               54
    Statements              1573
    Comments                1682
    Volume (V)              88813
    Difficilty (D)          257.4
    Effort to implement (E) 22862282
    Time to implement (T)   352 hours, 49 minutes
    Est Delivered Bugs (B)  27
    Cyclomatic Complexity   291
    Maintainability (MI)    112

 Segment     Used  Free
-----------  ----  ----
00000-00002     4  0  
00004-00006     0  4  
00008-000B4   174  0  
000B6-07FFE  19090  13496  



THE FOLLOWING IS TEMPORARY FOR DIAGNOSTIC USE ONLY:

    n1    n2    N1    N2   v(G)
     0     1     0     0     0    @delay_ms1
     0     1     0     0     0    @GETCH_BIU_1
    11    27    33    25     2    _keys
     6    33    37    32     3    _key_id
    13   182   257   180    37    scan_keypad
     0     1     0     0     0    @I2C_READ_1
     0     1     0     0     0    @I2C_WRITE_1
     5    39    43    37     0    ds1307_init
     4    14    13    14     0    write_DS1307
    10    51    55    55     1    ds1307_set_date_time
     6    32    40    33     0    ds1307_get_date
     6    34    40    34     0    ds1307_get_time
    12    20    28    20     1    bin2bcd
    10    16    18    15     0    bcd2bin
     9    33    35    32     1    _r_e
     6    38    38    37     0    _w_e
     7   115   117   113     2    _w_eerom
    11   156   171   154    15    _r_eerom
    11    26    32    25     2    cd4094
    11    51    56    49     2    _all_disp
    11    47    52    45     2    _disp_data
     7    36    37    34     1    _get_time
     6    32    30    29     0    _init_p
     6    28    28    25     3    _align
     4    16    13    13     0    _gap
     4    14    13    11     0    _cut
     6    53    58    50     8    _fount
    11   186   193   183     2    _get_slip
     0     1     0     0     0    @const257
     0     1     0     0     0    @const259
     0     1     0     0     0    @const261
     0     1     0     0     0    @const263
     0     1     0     0     0    @const265
     0     1     0     0     0    @const267
     0     1     0     0     0    @const269
     0     1     0     0     0    @DIV3232
     0     1     0     0     0    @PRINTF_L32U_19200_31766_31767
     0     1     0     0     0    @const277
     0     1     0     0     0    @DIV88
     0     1     0     0     0    @PRINTF_U_19200_31766_31767
     0     1     0     0     0    @const291
     0     1     0     0     0    @const293
     0     1     0     0     0    @const297
     0     1     0     0     0    @const301
     0     1     0     0     0    @DIV1616
     0     1     0     0     0    @PRINTF_LU_19200_31766_31767
     0     1     0     0     0    @const310
     0     1     0     0     0    @const312
     0     1     0     0     0    @const314
     0     1     0     0     0    @const316
     5    93    96    91     0    _init_system
    10    84   102    83     5    _all_disp1
    11    85   103    84     5    _all_disp2
     9    21    22    19     2    _disp1b
     0     1     0     0     0    @MUL3232
     7    14    13    12     1    _disp1a
    10    44    44    43     1    _disp3
     4     8     7     7     0    _disp2
     5     9     8     8     0    _disp1
     7    15    14    13     0    _totel_disp
     9    21    22    19     2    _disp2a
     7    58    64    56     5    _price_enter
     7    55    61    53     5    _petrol_enter
     4    16    18    14     0    _rst
    14    36    49    37     4    _set_skip
     0     1     0     0     0    @MUL1616
    13    72    85    72     5    _initilize
    10    38    45    36     6    _last5_fill
     7    54    61    52     3    _stop_fill
    11    43    52    41     2    _power_down
    20   174   241   176    22    _control
     8    11    11     9     1    _num_press
    20   111   146   110    10    _price_set
    19    88   117    87     8    _petrol_set
    18    84   111    83    12    _main_code_enter
    21   229   335   229    41    _edit_value
    12   116   162   130    22    _code_id_value
    17    97   135    96    13    _code_id_enter
    12    34    40    33     3    _encoder_isr
     6    10    13     8     1    clock_isr
     8    10    13     8     1    rda_handler
    24   374   483   372    29    MAIN
